<?xml version="1.0" encoding="UTF-8"?>
<!-- Generated by org.testng.reporters.JUnitXMLReporter -->
<testsuite ignored="0" hostname="DESKTOP-ORVEKOM" failures="0" tests="10" name="Default test" time="58.818" errors="0" timestamp="2025-06-22T21:18:58 GMT+03:00">
  <testcase classname="Database.Database.AppTest" name="registerUserTest" time="10.176"/>
  <testcase classname="Database.Database.AppTest" name="loginUserTest" time="4.61"/>
  <testcase classname="Database.Database.AppTest" name="productSearchTest" time="4.192"/>
  <testcase classname="Database.Database.AppTest" name="viewBrandProductsTest" time="4.947"/>
  <testcase classname="Database.Database.AppTest" name="addRandomProductToCartTest" time="11.761"/>
  <testcase classname="Database.Database.AppTest" name="submitProductReviewTest" time="8.349"/>
  <testcase classname="Database.Database.AppTest" name="contactUsFormSubmissionTest" time="3.361"/>
  <testcase classname="Database.Database.AppTest" name="subscriptionTest" time="2.447"/>
  <testcase classname="Database.Database.AppTest" name="proceedToCheckoutTest" time="3.137"/>
  <testcase classname="Database.Database.AppTest" name="testLogoutFunctionality" time="1.063"/>
</testsuite> <!-- Default test -->
