<?xml version="1.0" encoding="UTF-8"?>
<!-- Generated by org.testng.reporters.JUnitXMLReporter -->
<testsuite ignored="0" hostname="DESKTOP-ORVEKOM" failures="0" tests="10" name="Default test" time="59.54" errors="0" timestamp="2025-06-22T14:43:04 GMT+03:00">
  <testcase classname="Database.Database.AppTest" name="registerUserTest" time="9.364"/>
  <testcase classname="Database.Database.AppTest" name="loginUserTest" time="3.79"/>
  <testcase classname="Database.Database.AppTest" name="productSearchTest" time="3.831"/>
  <testcase classname="Database.Database.AppTest" name="addRandomProductToCartTest" time="12.058"/>
  <testcase classname="Database.Database.AppTest" name="proceedToCheckoutTest" time="2.386"/>
  <testcase classname="Database.Database.AppTest" name="contactUsFormSubmissionTest" time="3.382"/>
  <testcase classname="Database.Database.AppTest" name="subscriptionTest" time="6.154"/>
  <testcase classname="Database.Database.AppTest" name="viewBrandProductsTest" time="6.798"/>
  <testcase classname="Database.Database.AppTest" name="submitProductReviewTest" time="6.236"/>
  <testcase classname="Database.Database.AppTest" name="testLogoutFunctionality" time="1.133"/>
</testsuite> <!-- Default test -->
