<?xml version="1.0" encoding="UTF-8"?>
<testng-results ignored="3" total="4" passed="1" failed="0" skipped="0">
  <reporter-output>
  </reporter-output>
  <suite started-at="2025-06-04T16:31:36 GMT+03:00" name="Default suite" finished-at="2025-06-04T16:31:45 GMT+03:00" duration-ms="9854">
    <groups>
    </groups>
    <test started-at="2025-06-04T16:31:36 GMT+03:00" name="Default test" finished-at="2025-06-04T16:31:45 GMT+03:00" duration-ms="9854">
      <class name="Database.Database.AppTest">
        <test-method is-config="true" signature="mySetup()[pri:0, instance:Database.Database.AppTest@59252cb6]" started-at="2025-06-04T16:31:36 GMT+03:00" name="mySetup" finished-at="2025-06-04T16:31:40 GMT+03:00" duration-ms="4515" status="PASS">
          <reporter-output>
          </reporter-output>
        </test-method> <!-- mySetup -->
        <test-method signature="productSearchTest()[pri:4, instance:Database.Database.AppTest@59252cb6]" started-at="2025-06-04T16:31:40 GMT+03:00" name="productSearchTest" finished-at="2025-06-04T16:31:45 GMT+03:00" duration-ms="5304" status="PASS">
          <reporter-output>
          </reporter-output>
        </test-method> <!-- productSearchTest -->
      </class> <!-- Database.Database.AppTest -->
    </test> <!-- Default test -->
  </suite> <!-- Default suite -->
</testng-results>
